12872: 11:59:20.728 - ---
12872: 11:59:20.728 - Service: "Photon Socket Server" starting
12872: 11:59:20.728 - Config File: E:\thema\Documents\Werk\Quest_LBVR\Photon\Photon-OnPremise-Server-SDK_v4-0-29-11263\deploy\bin_Win64\PhotonServer.config
12872: 11:59:20.730 - Will produce at most: 10 crash dumps
12872: 11:59:20.730 - Service shutting down
12872: 11:59:20.731 - Service shut down complete
18568: 12:38:49.328 - ---
18568: 12:38:49.328 - Service: "Photon Socket Server" starting
18568: 12:38:49.329 - Config File: E:\thema\Documents\Werk\Quest_LBVR\Photon\Photon-OnPremise-Server-SDK_v4-0-29-11263\deploy\bin_Win64\PhotonServer.config
18568: 12:38:49.330 - Will produce at most: 10 crash dumps
18568: 12:38:49.330 - Service shutting down
18568: 12:38:49.331 - Service shut down complete
8924: 14:41:43.859 - ---
8924: 14:41:43.859 - Service: "Photon Socket Server" starting
8924: 14:41:43.859 - Config File: E:\thema\Documents\Werk\Quest_LBVR\Photon\Photon-OnPremise-Server-SDK_v4-0-29-11263\deploy\bin_Win64\PhotonServer.config
8924: 14:41:43.861 - Will produce at most: 10 crash dumps
8924: 14:41:43.861 - Service shutting down
8924: 14:41:43.862 - Service shut down complete
3824: 14:45:57.452 - ---
3824: 14:45:57.452 - Service: "Photon Socket Server" starting
3824: 14:45:57.452 - Config File: E:\thema\Documents\Werk\Photon Realtime\Photon Realtime Test\Assets\StreamingAssets\Photon-OnPremise-Server-SDK_v4-0-29-11263\deploy\bin_Win64\PhotonServer.config
3824: 14:45:57.453 - Will produce at most: 10 crash dumps
3824: 14:45:57.453 - Service shutting down
3824: 14:45:57.454 - Service shut down complete
12176: 14:51:57.946 - ---
12176: 14:51:57.946 - Service: "Photon Socket Server" starting
12176: 14:51:57.946 - Config File: E:\thema\Documents\Werk\Photon Realtime\Photon Realtime Test\Assets\StreamingAssets\Photon-OnPremise-Server-SDK_v4-0-29-11263\deploy\bin_Win64\PhotonServer.config
12176: 14:51:57.947 - Will produce at most: 10 crash dumps
12176: 14:51:57.947 - Service shutting down
12176: 14:51:57.948 - Service shut down complete
