2224: 15:24:57.982 - ---
2224: 15:24:57.982 - Service: "Photon Socket Server" starting
2224: 15:24:57.982 - Config File: E:\thema\Documents\Werk\Quest_LBVR\Photon\Photon-OnPremise-Server-SDK_v4-0-29-11263\deploy\bin_Win64\PhotonServer.config
2224: 15:24:57.983 - Will produce at most: 10 crash dumps
2224: 15:24:57.983 - Service shutting down
2224: 15:24:57.984 - Service shut down complete
15412: 15:43:57.040 - ---
15412: 15:43:57.040 - Service: "Photon Socket Server" starting
15412: 15:43:57.040 - Config File: E:\thema\Documents\Werk\Quest_LBVR\Photon\Photon-OnPremise-Server-SDK_v4-0-29-11263\deploy\bin_Win64\PhotonServer.config
15412: 15:43:57.041 - Will produce at most: 10 crash dumps
15412: 15:43:57.041 - Service shutting down
15412: 15:43:57.042 - Service shut down complete
5396: 19:44:28.347 - ---
5396: 19:44:28.347 - Service: "Photon Socket Server" starting
5396: 19:44:28.347 - Config File: E:\thema\Documents\Werk\Quest_LBVR\Photon\Photon-OnPremise-Server-SDK_v4-0-29-11263\deploy\bin_Win64\PhotonServer.config
5396: 19:44:28.348 - Will produce at most: 10 crash dumps
5396: 19:44:28.348 - Service shutting down
5396: 19:44:28.349 - Service shut down complete
9116: 19:45:01.896 - ---
9116: 19:45:01.896 - Service: "Photon Socket Server" starting
9116: 19:45:01.896 - Config File: E:\thema\Documents\Werk\Quest_LBVR\Photon\Photon-OnPremise-Server-SDK_v4-0-29-11263\deploy\bin_Win64\PhotonServer.config
9116: 19:45:01.897 - Will produce at most: 10 crash dumps
9116: 19:45:01.897 - Service shutting down
9116: 19:45:01.898 - Service shut down complete
