21332: 12:06:21.057 - ---
21332: 12:06:21.057 - Service: "Photon Socket Server" starting
21332: 12:06:21.057 - Config File: E:\thema\Documents\Werk\Quest_LBVR\Photon\Photon-OnPremise-Server-SDK_v4-0-29-11263\deploy\bin_Win64\PhotonServer.config
21332: 12:06:21.060 - Will produce at most: 10 crash dumps
21332: 12:06:21.060 - Service shutting down
21332: 12:06:21.061 - Service shut down complete
27460: 12:33:10.433 - ---
27460: 12:33:10.433 - Service: "Photon Socket Server" starting
27460: 12:33:10.433 - Config File: E:\thema\Documents\Werk\Quest_LBVR\Photon\Photon-OnPremise-Server-SDK_v4-0-29-11263\deploy\bin_Win64\PhotonServer.config
27460: 12:33:10.434 - Will produce at most: 10 crash dumps
27460: 12:33:10.434 - Service shutting down
27460: 12:33:10.435 - Service shut down complete
22024: 12:36:20.162 - ---
22024: 12:36:20.162 - Service: "Photon Socket Server" starting
22024: 12:36:20.162 - Config File: E:\thema\Documents\Werk\Quest_LBVR\Photon\Photon-OnPremise-Server-SDK_v4-0-29-11263\deploy\bin_Win64\PhotonServer.config
22024: 12:36:20.163 - Will produce at most: 10 crash dumps
22024: 12:36:20.164 - Service shutting down
22024: 12:36:20.165 - Service shut down complete
13400: 12:40:43.811 - ---
13400: 12:40:43.811 - Service: "Photon Socket Server" starting
13400: 12:40:43.811 - Config File: E:\thema\Documents\Werk\Quest_LBVR\Photon\Photon-OnPremise-Server-SDK_v4-0-29-11263\deploy\bin_Win64\PhotonServer.config
13400: 12:40:43.812 - Will produce at most: 10 crash dumps
13400: 12:40:43.812 - Service shutting down
13400: 12:40:43.813 - Service shut down complete
16732: 12:42:34.811 - ---
16732: 12:42:34.811 - Service: "Photon Socket Server" starting
16732: 12:42:34.811 - Config File: E:\thema\Documents\Werk\Quest_LBVR\Photon\Photon-OnPremise-Server-SDK_v4-0-29-11263\deploy\bin_Win64\PhotonServer.config
16732: 12:42:34.812 - Will produce at most: 10 crash dumps
16732: 12:42:34.812 - Service shutting down
16732: 12:42:34.813 - Service shut down complete
2096: 12:43:40.127 - ---
2096: 12:43:40.127 - Service: "Photon Socket Server" starting
2096: 12:43:40.128 - Config File: E:\thema\Documents\Werk\Quest_LBVR\Photon\Photon-OnPremise-Server-SDK_v4-0-29-11263\deploy\bin_Win64\PhotonServer.config
2096: 12:43:40.129 - Will produce at most: 10 crash dumps
2096: 12:43:40.129 - Service shutting down
2096: 12:43:40.130 - Service shut down complete
17820: 12:51:27.860 - ---
17820: 12:51:27.860 - Service: "Photon Socket Server" starting
17820: 12:51:27.860 - Config File: E:\thema\Documents\Werk\Quest_LBVR\Photon\Photon-OnPremise-Server-SDK_v4-0-29-11263\deploy\bin_Win64\PhotonServer.config
17820: 12:51:27.861 - Will produce at most: 10 crash dumps
17820: 12:51:27.861 - Service shutting down
17820: 12:51:27.862 - Service shut down complete
32580: 12:51:43.939 - ---
32580: 12:51:43.939 - Service: "Photon Socket Server" starting
32580: 12:51:43.939 - Config File: E:\thema\Documents\Werk\Quest_LBVR\Photon\Photon-OnPremise-Server-SDK_v4-0-29-11263\deploy\bin_Win64\PhotonServer.config
32580: 12:51:43.941 - Will produce at most: 10 crash dumps
32580: 12:51:43.941 - Service shutting down
32580: 12:51:43.943 - Service shut down complete
9980: 12:51:49.496 - ---
9980: 12:51:49.496 - Service: "Photon Socket Server" starting
9980: 12:51:49.496 - Config File: E:\thema\Documents\Werk\Quest_LBVR\Photon\Photon-OnPremise-Server-SDK_v4-0-29-11263\deploy\bin_Win64\PhotonServer.config
9980: 12:51:49.497 - Will produce at most: 10 crash dumps
9980: 12:51:49.498 - Service shutting down
9980: 12:51:49.499 - Service shut down complete
24532: 12:52:50.819 - ---
24532: 12:52:50.819 - Service: "Photon Socket Server" starting
24532: 12:52:50.819 - Config File: E:\thema\Documents\Werk\Quest_LBVR\Photon\Photon-OnPremise-Server-SDK_v4-0-29-11263\deploy\bin_Win64\PhotonServer.config
24532: 12:52:50.821 - Will produce at most: 10 crash dumps
24532: 12:52:50.821 - Service shutting down
24532: 12:52:50.822 - Service shut down complete
23556: 12:55:26.096 - ---
23556: 12:55:26.096 - Service: "Photon Socket Server" starting
23556: 12:55:26.096 - Config File: E:\thema\Documents\Werk\Quest_LBVR\Photon\Photon-OnPremise-Server-SDK_v4-0-29-11263\deploy\bin_Win64\PhotonServer.config
23556: 12:55:26.097 - Will produce at most: 10 crash dumps
23556: 12:55:26.097 - Service shutting down
23556: 12:55:26.098 - Service shut down complete
7200: 12:59:55.054 - ---
7200: 12:59:55.054 - Service: "Photon Socket Server" starting
7200: 12:59:55.054 - Config File: E:\thema\Documents\Werk\Quest_LBVR\Photon\Photon-OnPremise-Server-SDK_v4-0-29-11263\deploy\bin_Win64\PhotonServer.config
7200: 12:59:55.055 - Will produce at most: 10 crash dumps
7200: 12:59:55.055 - Service shutting down
7200: 12:59:55.056 - Service shut down complete
25448: 13:03:31.577 - ---
25448: 13:03:31.577 - Service: "Photon Socket Server" starting
25448: 13:03:31.577 - Config File: E:\thema\Documents\Werk\Quest_LBVR\Photon\Photon-OnPremise-Server-SDK_v4-0-29-11263\deploy\bin_Win64\PhotonServer.config
25448: 13:03:31.578 - Will produce at most: 10 crash dumps
25448: 13:03:31.578 - Service shutting down
25448: 13:03:31.579 - Service shut down complete
17324: 13:03:51.049 - ---
17324: 13:03:51.049 - Service: "Photon Socket Server" starting
17324: 13:03:51.049 - Config File: E:\thema\Documents\Werk\Quest_LBVR\Photon\Photon-OnPremise-Server-SDK_v4-0-29-11263\deploy\bin_Win64\PhotonServer.config
17324: 13:03:51.050 - Will produce at most: 10 crash dumps
17324: 13:03:51.050 - Service shutting down
17324: 13:03:51.051 - Service shut down complete
17124: 14:44:27.283 - ---
17124: 14:44:27.283 - Service: "Photon Socket Server" starting
17124: 14:44:27.283 - Config File: E:\thema\Documents\Werk\Quest_LBVR\Photon\Photon-OnPremise-Server-SDK_v4-0-29-11263\deploy\bin_Win64\PhotonServer.config
17124: 14:44:27.285 - Will produce at most: 10 crash dumps
17124: 14:44:27.285 - Service shutting down
17124: 14:44:27.286 - Service shut down complete
